\BOOKMARK [0][-]{chapter.1}{Introducci\363n}{}% 1
\BOOKMARK [1][-]{section.1.1}{Prop\363sito}{chapter.1}% 2
\BOOKMARK [1][-]{section.1.2}{Alcance}{chapter.1}% 3
\BOOKMARK [1][-]{section.1.3}{Definiciones, acr\363nimos y abreviaturas}{chapter.1}% 4
\BOOKMARK [1][-]{section.1.4}{Referencias}{chapter.1}% 5
\BOOKMARK [1][-]{section.1.5}{Contenido y organizaci\363n}{chapter.1}% 6
\BOOKMARK [0][-]{chapter.2}{An\341lisis del problema}{}% 7
\BOOKMARK [1][-]{section.2.1}{Contexto del sistema}{chapter.2}% 8
\BOOKMARK [1][-]{section.2.2}{Procesos actuales}{chapter.2}% 9
\BOOKMARK [2][-]{subsection.2.2.1}{Participantes}{section.2.2}% 10
\BOOKMARK [2][-]{subsection.2.2.2}{Procesos}{section.2.2}% 11
\BOOKMARK [1][-]{section.2.3}{Problemas identificados}{chapter.2}% 12
\BOOKMARK [2][-]{subsection.2.3.1}{Problema general}{section.2.3}% 13
\BOOKMARK [2][-]{subsection.2.3.2}{Descomposici\363n del problema}{section.2.3}% 14
\BOOKMARK [2][-]{subsection.2.3.3}{An\341lisis de causas}{section.2.3}% 15
\BOOKMARK [1][-]{section.2.4}{Propuesta de soluci\363n}{chapter.2}% 16
\BOOKMARK [2][-]{subsection.2.4.1}{Alternativas de soluci\363n}{section.2.4}% 17
\BOOKMARK [0][-]{chapter.3}{Propuesta de soluci\363n}{}% 18
\BOOKMARK [1][-]{section.3.1}{Objetivos}{chapter.3}% 19
\BOOKMARK [2][-]{subsection.3.1.1}{Objetivo general}{section.3.1}% 20
\BOOKMARK [2][-]{subsection.3.1.2}{Objetivos espec\355ficos}{section.3.1}% 21
\BOOKMARK [2][-]{subsection.3.1.3}{Requerimientos no funcionales}{section.3.1}% 22
\BOOKMARK [2][-]{subsection.3.1.4}{Modelo de despliegue del sistema}{section.3.1}% 23
\BOOKMARK [2][-]{subsection.3.1.5}{Especificaci\363n de Plataforma}{section.3.1}% 24
\BOOKMARK [0][-]{chapter.4}{Modelo de Negocios}{}% 25
\BOOKMARK [1][-]{section.4.1}{Glosario de t\351rminos}{chapter.4}% 26
\BOOKMARK [1][-]{section.4.2}{Proceso ajustado}{chapter.4}% 27
\BOOKMARK [1][-]{section.4.3}{Modelo de entidades del negocio}{chapter.4}% 28
\BOOKMARK [1][-]{section.4.4}{Descripci\363n de atributos}{chapter.4}% 29
\BOOKMARK [2][-]{subsection.4.4.1}{Atributos de ``Alumno''}{section.4.4}% 30
\BOOKMARK [1][-]{section.4.5}{Reglas de Negocio}{chapter.4}% 31
\BOOKMARK [0][-]{chapter.5}{Modelo de comportamiento}{}% 32
\BOOKMARK [1][-]{section.5.1}{CU1.1 Iniciar sesi\363n como dependiente}{chapter.5}% 33
\BOOKMARK [2][-]{subsection.5.1.1}{Descripci\363n completa}{section.5.1}% 34
\BOOKMARK [2][-]{subsection.5.1.2}{Atributos importantes}{section.5.1}% 35
\BOOKMARK [2][-]{subsection.5.1.3}{Trayectorias del Caso de Uso}{section.5.1}% 36
\BOOKMARK [1][-]{section.5.2}{CU1.2 Iniciar sesi\363n como cajero}{chapter.5}% 37
\BOOKMARK [2][-]{subsection.5.2.1}{Descripci\363n completa}{section.5.2}% 38
\BOOKMARK [2][-]{subsection.5.2.2}{Atributos importantes}{section.5.2}% 39
\BOOKMARK [2][-]{subsection.5.2.3}{Trayectorias del Caso de Uso}{section.5.2}% 40
\BOOKMARK [1][-]{section.5.3}{CU1.3 Iniciar sesi\363n como proveedor}{chapter.5}% 41
\BOOKMARK [2][-]{subsection.5.3.1}{Descripci\363n completa}{section.5.3}% 42
\BOOKMARK [2][-]{subsection.5.3.2}{Atributos importantes}{section.5.3}% 43
\BOOKMARK [2][-]{subsection.5.3.3}{Trayectorias del Caso de Uso}{section.5.3}% 44
\BOOKMARK [1][-]{section.5.4}{CU2 Efectuar Compra de Medicamento}{chapter.5}% 45
\BOOKMARK [2][-]{subsection.5.4.1}{Descripci\363n completa}{section.5.4}% 46
\BOOKMARK [2][-]{subsection.5.4.2}{Atributos importantes}{section.5.4}% 47
\BOOKMARK [2][-]{subsection.5.4.3}{Trayectorias del Caso de Uso}{section.5.4}% 48
\BOOKMARK [1][-]{section.5.5}{CU3 Consultar Stock}{chapter.5}% 49
\BOOKMARK [2][-]{subsection.5.5.1}{Descripci\363n completa}{section.5.5}% 50
\BOOKMARK [2][-]{subsection.5.5.2}{Atributos importantes}{section.5.5}% 51
\BOOKMARK [2][-]{subsection.5.5.3}{Trayectorias del Caso de Uso}{section.5.5}% 52
\BOOKMARK [1][-]{section.5.6}{CU7 Agregar M\351dicamento}{chapter.5}% 53
\BOOKMARK [2][-]{subsection.5.6.1}{Descripci\363n completa}{section.5.6}% 54
\BOOKMARK [2][-]{subsection.5.6.2}{Atributos importantes}{section.5.6}% 55
\BOOKMARK [2][-]{subsection.5.6.3}{Trayectorias del Caso de Uso}{section.5.6}% 56
\BOOKMARK [0][-]{chapter.6}{Modelo de la Interacci\363n}{}% 57
\BOOKMARK [1][-]{section.6.1}{Modelo de navegaci\363n}{chapter.6}% 58
\BOOKMARK [2][-]{subsection.6.1.1}{IULogin Pantalla de Control de Acceso}{section.6.1}% 59
\BOOKMARK [2][-]{subsection.6.1.2}{IUCaja Pantalla de cajero}{section.6.1}% 60
